2021-02-07 20:02:809 INFO  InfiniteScrollPage :24 - Clicking on Infinite Scroll Feature[[ChromeDriver: chrome on WINDOWS (60b4252e0a1250fd91d1d927dab7379b)] -> xpath: //a[contains(text(),'Infinite Scroll')]]
2021-02-07 20:02:228 INFO  InfiniteScrollPage :30 - scroll Down window 
2021-02-07 20:02:260 INFO  InfiniteScrollPage :36 - scroll Down window 
2021-02-07 20:02:280 INFO  InfiniteScrollPage :42 - scroll up window 
2021-02-07 20:02:361 INFO  InfiniteScrollPage :48 - Getting Infinite text message[[ChromeDriver: chrome on WINDOWS (60b4252e0a1250fd91d1d927dab7379b)] -> xpath: //h3[contains(text(),'Infinite Scroll')]]
2021-02-07 20:02:866 INFO  KeyPressesPage :26 - Clicking On Key Presses Feature[[ChromeDriver: chrome on WINDOWS (e6d07f6a271c19aba28837211f36bd6a)] -> xpath: //a[contains(text(),'Key Presses')]]
2021-02-07 20:02:294 INFO  KeyPressesPage :32 - Entering alphabetsAOn key press Field[[ChromeDriver: chrome on WINDOWS (e6d07f6a271c19aba28837211f36bd6a)] -> xpath: //input[@id='target']]
2021-02-07 20:02:413 INFO  KeyPressesPage :38 - Getting Displayed text message[[ChromeDriver: chrome on WINDOWS (e6d07f6a271c19aba28837211f36bd6a)] -> xpath: //p[@id='result']]
2021-02-07 20:02:468 INFO  KeyPressesPage :44 - Clear text from field[[ChromeDriver: chrome on WINDOWS (e6d07f6a271c19aba28837211f36bd6a)] -> xpath: //input[@id='target']]
2021-02-07 20:02:534 INFO  KeyPressesPage :32 - Entering alphabetsBOn key press Field[[ChromeDriver: chrome on WINDOWS (e6d07f6a271c19aba28837211f36bd6a)] -> xpath: //input[@id='target']]
2021-02-07 20:02:616 INFO  KeyPressesPage :38 - Getting Displayed text message[[ChromeDriver: chrome on WINDOWS (e6d07f6a271c19aba28837211f36bd6a)] -> xpath: //p[@id='result']]
2021-02-07 20:02:662 INFO  KeyPressesPage :44 - Clear text from field[[ChromeDriver: chrome on WINDOWS (e6d07f6a271c19aba28837211f36bd6a)] -> xpath: //input[@id='target']]
2021-02-07 20:02:727 INFO  KeyPressesPage :32 - Entering alphabetsCOn key press Field[[ChromeDriver: chrome on WINDOWS (e6d07f6a271c19aba28837211f36bd6a)] -> xpath: //input[@id='target']]
2021-02-07 20:02:805 INFO  KeyPressesPage :38 - Getting Displayed text message[[ChromeDriver: chrome on WINDOWS (e6d07f6a271c19aba28837211f36bd6a)] -> xpath: //p[@id='result']]
2021-02-07 20:02:857 INFO  KeyPressesPage :44 - Clear text from field[[ChromeDriver: chrome on WINDOWS (e6d07f6a271c19aba28837211f36bd6a)] -> xpath: //input[@id='target']]
2021-02-07 20:02:930 INFO  KeyPressesPage :32 - Entering alphabetsDOn key press Field[[ChromeDriver: chrome on WINDOWS (e6d07f6a271c19aba28837211f36bd6a)] -> xpath: //input[@id='target']]
2021-02-07 20:02:12 INFO  KeyPressesPage :38 - Getting Displayed text message[[ChromeDriver: chrome on WINDOWS (e6d07f6a271c19aba28837211f36bd6a)] -> xpath: //p[@id='result']]
2021-02-07 20:02:213 INFO  HomePage :23 - Clicking on form Authentication Feature[[ChromeDriver: chrome on WINDOWS (db3437885fd441d6e5923e8f7505882e)] -> link text: Form Authentication]
2021-02-07 20:02:701 INFO  LoginPage :63 - Getting Login text message[[ChromeDriver: chrome on WINDOWS (db3437885fd441d6e5923e8f7505882e)] -> xpath: //h2[contains(text(),'Login Page')]]
2021-02-07 20:02:928 INFO  HomePage :23 - Clicking on form Authentication Feature[[ChromeDriver: chrome on WINDOWS (a10222c2f6f988642eaebcba0c14b31a)] -> link text: Form Authentication]
2021-02-07 20:02:567 INFO  LoginPage :30 - Entering UsernametomsmithOn username Field[[ChromeDriver: chrome on WINDOWS (a10222c2f6f988642eaebcba0c14b31a)] -> xpath: //input[@id='username']]
2021-02-07 20:02:761 INFO  LoginPage :36 - Entering Password SuperSecretPassword!On Password Field [[ChromeDriver: chrome on WINDOWS (a10222c2f6f988642eaebcba0c14b31a)] -> xpath: //input[@id='password']]
2021-02-07 20:02:948 INFO  LoginPage :42 - Clicking on Login Button [[ChromeDriver: chrome on WINDOWS (a10222c2f6f988642eaebcba0c14b31a)] -> xpath: //i[contains(text(),'Login')]]
2021-02-07 20:02:516 INFO  LoginPage :55 - Clicking on Log out Button [[ChromeDriver: chrome on WINDOWS (a10222c2f6f988642eaebcba0c14b31a)] -> xpath: //i[contains(text(),'Logout')]]
2021-02-07 20:02:505 INFO  HomePage :23 - Clicking on form Authentication Feature[[ChromeDriver: chrome on WINDOWS (4fc1fbf4f6a007fa711e71d7b1677e63)] -> link text: Form Authentication]
2021-02-07 20:02:141 INFO  LoginPage :30 - Entering UsernametomsmithOn username Field[[ChromeDriver: chrome on WINDOWS (4fc1fbf4f6a007fa711e71d7b1677e63)] -> xpath: //input[@id='username']]
2021-02-07 20:02:294 INFO  LoginPage :36 - Entering Password abcd@On Password Field [[ChromeDriver: chrome on WINDOWS (4fc1fbf4f6a007fa711e71d7b1677e63)] -> xpath: //input[@id='password']]
2021-02-07 20:02:438 INFO  LoginPage :42 - Clicking on Login Button [[ChromeDriver: chrome on WINDOWS (4fc1fbf4f6a007fa711e71d7b1677e63)] -> xpath: //i[contains(text(),'Login')]]
2021-02-07 20:02:47 INFO  LoginPage :49 - Getting Login error message[[ChromeDriver: chrome on WINDOWS (4fc1fbf4f6a007fa711e71d7b1677e63)] -> xpath: //div[@id='flash']]
2021-02-07 20:02:998 INFO  HomePage :23 - Clicking on form Authentication Feature[[ChromeDriver: chrome on WINDOWS (a2bcc5273d5b42cafa9a37dec1642fa8)] -> link text: Form Authentication]
2021-02-07 20:02:599 INFO  LoginPage :30 - Entering UsernametomsmithOn username Field[[ChromeDriver: chrome on WINDOWS (a2bcc5273d5b42cafa9a37dec1642fa8)] -> xpath: //input[@id='username']]
2021-02-07 20:02:753 INFO  LoginPage :36 - Entering Password abcd123@On Password Field [[ChromeDriver: chrome on WINDOWS (a2bcc5273d5b42cafa9a37dec1642fa8)] -> xpath: //input[@id='password']]
2021-02-07 20:02:874 INFO  LoginPage :42 - Clicking on Login Button [[ChromeDriver: chrome on WINDOWS (a2bcc5273d5b42cafa9a37dec1642fa8)] -> xpath: //i[contains(text(),'Login')]]
2021-02-07 20:02:520 INFO  LoginPage :49 - Getting Login error message[[ChromeDriver: chrome on WINDOWS (a2bcc5273d5b42cafa9a37dec1642fa8)] -> xpath: //div[@id='flash']]
2021-02-07 20:02:463 INFO  HomePage :23 - Clicking on form Authentication Feature[[ChromeDriver: chrome on WINDOWS (b5340f2502eb6f550940cb5c0597d2fc)] -> link text: Form Authentication]
2021-02-07 20:02:33 INFO  LoginPage :30 - Entering UsernametomsmithOn username Field[[ChromeDriver: chrome on WINDOWS (b5340f2502eb6f550940cb5c0597d2fc)] -> xpath: //input[@id='username']]
2021-02-07 20:02:133 INFO  LoginPage :36 - Entering Password 123abcd@On Password Field [[ChromeDriver: chrome on WINDOWS (b5340f2502eb6f550940cb5c0597d2fc)] -> xpath: //input[@id='password']]
2021-02-07 20:02:240 INFO  LoginPage :42 - Clicking on Login Button [[ChromeDriver: chrome on WINDOWS (b5340f2502eb6f550940cb5c0597d2fc)] -> xpath: //i[contains(text(),'Login')]]
2021-02-07 20:02:973 INFO  LoginPage :49 - Getting Login error message[[ChromeDriver: chrome on WINDOWS (b5340f2502eb6f550940cb5c0597d2fc)] -> xpath: //div[@id='flash']]
2021-02-07 20:02:913 INFO  HomePage :23 - Clicking on form Authentication Feature[[ChromeDriver: chrome on WINDOWS (7647fe833e3afe60fdddb263f50ea82e)] -> link text: Form Authentication]
2021-02-07 20:02:693 INFO  LoginPage :30 - Entering UsernamesmithtomOn username Field[[ChromeDriver: chrome on WINDOWS (7647fe833e3afe60fdddb263f50ea82e)] -> xpath: //input[@id='username']]
2021-02-07 20:02:792 INFO  LoginPage :36 - Entering Password SuperSecretPassword!On Password Field [[ChromeDriver: chrome on WINDOWS (7647fe833e3afe60fdddb263f50ea82e)] -> xpath: //input[@id='password']]
2021-02-07 20:02:908 INFO  LoginPage :42 - Clicking on Login Button [[ChromeDriver: chrome on WINDOWS (7647fe833e3afe60fdddb263f50ea82e)] -> xpath: //i[contains(text(),'Login')]]
2021-02-07 20:02:368 INFO  LoginPage :49 - Getting Login error message[[ChromeDriver: chrome on WINDOWS (7647fe833e3afe60fdddb263f50ea82e)] -> xpath: //div[@id='flash']]
2021-02-07 20:02:868 INFO  HomePage :23 - Clicking on form Authentication Feature[[ChromeDriver: chrome on WINDOWS (8dee46b33231b7eb338b8e4e6a34c2af)] -> link text: Form Authentication]
2021-02-07 20:02:570 INFO  LoginPage :30 - Entering Usernamesmithtom1On username Field[[ChromeDriver: chrome on WINDOWS (8dee46b33231b7eb338b8e4e6a34c2af)] -> xpath: //input[@id='username']]
2021-02-07 20:02:685 INFO  LoginPage :36 - Entering Password SuperSecretPassword!On Password Field [[ChromeDriver: chrome on WINDOWS (8dee46b33231b7eb338b8e4e6a34c2af)] -> xpath: //input[@id='password']]
2021-02-07 20:02:875 INFO  LoginPage :42 - Clicking on Login Button [[ChromeDriver: chrome on WINDOWS (8dee46b33231b7eb338b8e4e6a34c2af)] -> xpath: //i[contains(text(),'Login')]]
2021-02-07 20:02:358 INFO  LoginPage :49 - Getting Login error message[[ChromeDriver: chrome on WINDOWS (8dee46b33231b7eb338b8e4e6a34c2af)] -> xpath: //div[@id='flash']]
2021-02-07 20:02:903 INFO  HomePage :23 - Clicking on form Authentication Feature[[ChromeDriver: chrome on WINDOWS (4a5f478f8c9050e262c546574c99bbc7)] -> link text: Form Authentication]
2021-02-07 20:02:648 INFO  LoginPage :30 - Entering Usernamesmithtom3On username Field[[ChromeDriver: chrome on WINDOWS (4a5f478f8c9050e262c546574c99bbc7)] -> xpath: //input[@id='username']]
2021-02-07 20:02:739 INFO  LoginPage :36 - Entering Password SuperSecretPassword!On Password Field [[ChromeDriver: chrome on WINDOWS (4a5f478f8c9050e262c546574c99bbc7)] -> xpath: //input[@id='password']]
2021-02-07 20:02:869 INFO  LoginPage :42 - Clicking on Login Button [[ChromeDriver: chrome on WINDOWS (4a5f478f8c9050e262c546574c99bbc7)] -> xpath: //i[contains(text(),'Login')]]
2021-02-07 20:02:382 INFO  LoginPage :49 - Getting Login error message[[ChromeDriver: chrome on WINDOWS (4a5f478f8c9050e262c546574c99bbc7)] -> xpath: //div[@id='flash']]
